[2020-10-28 01:32:09,567] SEVERE {b7a.log.crash} - TrustStore File usr/lib/ballerina/distributions/ballerina-slp4/bre/security/ballerinaTruststore.p12 not found 
java.lang.IllegalArgumentException: TrustStore File usr/lib/ballerina/distributions/ballerina-slp4/bre/security/ballerinaTruststore.p12 not found
	at org.wso2.transport.http.netty.contract.config.SslConfiguration.getSSLConfigForSender(SslConfiguration.java:256)
	at org.wso2.transport.http.netty.contract.config.SslConfiguration.getClientSSLConfig(SslConfiguration.java:184)
	at org.wso2.transport.http.netty.contractimpl.DefaultHttpClientConnector.initTargetChannelProperties(DefaultHttpClientConnector.java:362)
	at org.wso2.transport.http.netty.contractimpl.DefaultHttpClientConnector.<init>(DefaultHttpClientConnector.java:88)
	at org.wso2.transport.http.netty.contractimpl.DefaultHttpWsConnectorFactory.createHttpClientConnector(DefaultHttpWsConnectorFactory.java:154)
	at org.ballerinalang.net.http.clientendpoint.CreateSimpleHttpClient.createSimpleHttpClient(CreateSimpleHttpClient.java:108)
	at ballerina.http.1_0_0.client_endpoint.createSimpleHttpClient(client_endpoint.bal:314)
	at ballerina.http.1_0_0.$value$HttpClient.init(http_client.bal:38)
	at ballerina.http.1_0_0.$value$HttpClient.call(http_client.bal)
	at ballerina.http.1_0_0.$value$HttpClient.$init$(http_client.bal:25)
	at ballerina.http.1_0_0.$value$HttpClient.call(http_client.bal)
	at ballerina.http.1_0_0.http_client.createClient(http_client.bal:252)
	at ballerina.http.1_0_0.$value$HttpSecureClient.init(http_secure_client.bal:40)
	at ballerina.http.1_0_0.$value$HttpSecureClient.call(http_secure_client.bal)
	at ballerina.http.1_0_0.$value$HttpSecureClient.$init$(http_secure_client.bal:25)
	at ballerina.http.1_0_0.$value$HttpSecureClient.call(http_secure_client.bal)
	at ballerina.http.1_0_0.http_secure_client.createHttpSecureClient(http_secure_client.bal:272)
	at ballerina.http.1_0_0.$value$HttpCachingClient.init(caching/http_caching_client.bal:46)
	at ballerina.http.1_0_0.$value$HttpCachingClient.call(caching/http_caching_client.bal)
	at ballerina.http.1_0_0.$value$HttpCachingClient.$init$(caching/http_caching_client.bal:29)
	at ballerina.http.1_0_0.$value$HttpCachingClient.call(caching/http_caching_client.bal)
	at ballerina.http.1_0_0.caching.http_caching_client.createHttpCachingClient(caching/http_caching_client.bal:277)
	at ballerina.http.1_0_0.client_endpoint.createDefaultClient(client_endpoint.bal:578)
	at ballerina.http.1_0_0.client_endpoint.createCookieClient(client_endpoint.bal:573)
	at ballerina.http.1_0_0.client_endpoint.checkForRetry(client_endpoint.bal:478)
	at ballerina.http.1_0_0.client_endpoint.initialize(client_endpoint.bal:448)
	at ballerina.http.1_0_0.$value$Client.init(client_endpoint.bal:57)
	at ballerina.http.1_0_0.$value$Client.call(client_endpoint.bal)
	at ballerina.http.1_0_0.$value$Client.$init$(client_endpoint.bal:35)
	at ballerina.http.1_0_0.$value$Client.call(client_endpoint.bal)
	at kapilraaj.OAuthservice.0_1_0.OAuthservice.$kapilraaj_OAuthservice_0_1_0__init_2(OAuthservice:27)
	at kapilraaj.OAuthservice.0_1_0.OAuthservice.$kapilraaj_OAuthservice_0_1_0__init_1(OAuthservice:25)
	at kapilraaj.OAuthservice.0_1_0.OAuthservice.$kapilraaj_OAuthservice_0_1_0__init_0(OAuthservice:6)
	at kapilraaj.OAuthservice.0_1_0.$_init.$kapilraaj_OAuthservice_0_1_0__init_(OAuthservice:65535)
	at kapilraaj.OAuthservice.0_1_0.$_init.$moduleInit(OAuthservice)
	at kapilraaj.OAuthservice.0_1_0.$_init.$lambda$$moduleInit$(OAuthservice)
	at org.ballerinalang.jvm.scheduling.SchedulerItem.execute(Scheduler.java:500)
	at org.ballerinalang.jvm.scheduling.Scheduler.run(Scheduler.java:276)
	at org.ballerinalang.jvm.scheduling.Scheduler.runSafely(Scheduler.java:244)
	at java.lang.Thread.run(Thread.java:748)
 
[2020-10-28 01:32:09,573] SEVERE {b7a.log.crash} - TrustStore File usr/lib/ballerina/distributions/ballerina-slp4/bre/security/ballerinaTruststore.p12 not found 
java.lang.IllegalArgumentException: TrustStore File usr/lib/ballerina/distributions/ballerina-slp4/bre/security/ballerinaTruststore.p12 not found
	at org.wso2.transport.http.netty.contract.config.SslConfiguration.getSSLConfigForSender(SslConfiguration.java:256)
	at org.wso2.transport.http.netty.contract.config.SslConfiguration.getClientSSLConfig(SslConfiguration.java:184)
	at org.wso2.transport.http.netty.contractimpl.DefaultHttpClientConnector.initTargetChannelProperties(DefaultHttpClientConnector.java:362)
	at org.wso2.transport.http.netty.contractimpl.DefaultHttpClientConnector.<init>(DefaultHttpClientConnector.java:88)
	at org.wso2.transport.http.netty.contractimpl.DefaultHttpWsConnectorFactory.createHttpClientConnector(DefaultHttpWsConnectorFactory.java:154)
	at org.ballerinalang.net.http.clientendpoint.CreateSimpleHttpClient.createSimpleHttpClient(CreateSimpleHttpClient.java:108)
	at ballerina.http.1_0_0.client_endpoint.createSimpleHttpClient(client_endpoint.bal:314)
	at ballerina.http.1_0_0.$value$HttpClient.init(http_client.bal:38)
	at ballerina.http.1_0_0.$value$HttpClient.call(http_client.bal)
	at ballerina.http.1_0_0.$value$HttpClient.$init$(http_client.bal:25)
	at ballerina.http.1_0_0.$value$HttpClient.call(http_client.bal)
	at ballerina.http.1_0_0.http_client.createClient(http_client.bal:252)
	at ballerina.http.1_0_0.$value$HttpSecureClient.init(http_secure_client.bal:40)
	at ballerina.http.1_0_0.$value$HttpSecureClient.call(http_secure_client.bal)
	at ballerina.http.1_0_0.$value$HttpSecureClient.$init$(http_secure_client.bal:25)
	at ballerina.http.1_0_0.$value$HttpSecureClient.call(http_secure_client.bal)
	at ballerina.http.1_0_0.http_secure_client.createHttpSecureClient(http_secure_client.bal:272)
	at ballerina.http.1_0_0.$value$HttpCachingClient.init(caching/http_caching_client.bal:46)
	at ballerina.http.1_0_0.$value$HttpCachingClient.call(caching/http_caching_client.bal)
	at ballerina.http.1_0_0.$value$HttpCachingClient.$init$(caching/http_caching_client.bal:29)
	at ballerina.http.1_0_0.$value$HttpCachingClient.call(caching/http_caching_client.bal)
	at ballerina.http.1_0_0.caching.http_caching_client.createHttpCachingClient(caching/http_caching_client.bal:277)
	at ballerina.http.1_0_0.client_endpoint.createDefaultClient(client_endpoint.bal:578)
	at ballerina.http.1_0_0.client_endpoint.createCookieClient(client_endpoint.bal:573)
	at ballerina.http.1_0_0.client_endpoint.checkForRetry(client_endpoint.bal:478)
	at ballerina.http.1_0_0.client_endpoint.initialize(client_endpoint.bal:448)
	at ballerina.http.1_0_0.$value$Client.init(client_endpoint.bal:57)
	at ballerina.http.1_0_0.$value$Client.call(client_endpoint.bal)
	at ballerina.http.1_0_0.$value$Client.$init$(client_endpoint.bal:35)
	at ballerina.http.1_0_0.$value$Client.call(client_endpoint.bal)
	at kapilraaj.OAuthservice.0_1_0.OAuthservice.$kapilraaj_OAuthservice_0_1_0__init_2(OAuthservice:27)
	at kapilraaj.OAuthservice.0_1_0.OAuthservice.$kapilraaj_OAuthservice_0_1_0__init_1(OAuthservice:25)
	at kapilraaj.OAuthservice.0_1_0.OAuthservice.$kapilraaj_OAuthservice_0_1_0__init_0(OAuthservice:6)
	at kapilraaj.OAuthservice.0_1_0.$_init.$kapilraaj_OAuthservice_0_1_0__init_(OAuthservice:65535)
	at kapilraaj.OAuthservice.0_1_0.$_init.$moduleInit(OAuthservice)
	at kapilraaj.OAuthservice.0_1_0.$_init.$lambda$$moduleInit$(OAuthservice)
	at org.ballerinalang.jvm.scheduling.SchedulerItem.execute(Scheduler.java:500)
	at org.ballerinalang.jvm.scheduling.Scheduler.run(Scheduler.java:276)
	at org.ballerinalang.jvm.scheduling.Scheduler.runSafely(Scheduler.java:244)
	at java.lang.Thread.run(Thread.java:748)
 
[2020-10-28 01:37:14,180] SEVERE {b7a.log.crash} - TrustStore File usr/lib/ballerina/distributions/ballerina-slp4/bre/security/ballerinaTruststore.p12 not found 
java.lang.IllegalArgumentException: TrustStore File usr/lib/ballerina/distributions/ballerina-slp4/bre/security/ballerinaTruststore.p12 not found
	at org.wso2.transport.http.netty.contract.config.SslConfiguration.getSSLConfigForSender(SslConfiguration.java:256)
	at org.wso2.transport.http.netty.contract.config.SslConfiguration.getClientSSLConfig(SslConfiguration.java:184)
	at org.wso2.transport.http.netty.contractimpl.DefaultHttpClientConnector.initTargetChannelProperties(DefaultHttpClientConnector.java:362)
	at org.wso2.transport.http.netty.contractimpl.DefaultHttpClientConnector.<init>(DefaultHttpClientConnector.java:88)
	at org.wso2.transport.http.netty.contractimpl.DefaultHttpWsConnectorFactory.createHttpClientConnector(DefaultHttpWsConnectorFactory.java:154)
	at org.ballerinalang.net.http.clientendpoint.CreateSimpleHttpClient.createSimpleHttpClient(CreateSimpleHttpClient.java:108)
	at ballerina.http.1_0_0.client_endpoint.createSimpleHttpClient(client_endpoint.bal:314)
	at ballerina.http.1_0_0.$value$HttpClient.init(http_client.bal:38)
	at ballerina.http.1_0_0.$value$HttpClient.call(http_client.bal)
	at ballerina.http.1_0_0.$value$HttpClient.$init$(http_client.bal:25)
	at ballerina.http.1_0_0.$value$HttpClient.call(http_client.bal)
	at ballerina.http.1_0_0.http_client.createClient(http_client.bal:252)
	at ballerina.http.1_0_0.$value$HttpSecureClient.init(http_secure_client.bal:40)
	at ballerina.http.1_0_0.$value$HttpSecureClient.call(http_secure_client.bal)
	at ballerina.http.1_0_0.$value$HttpSecureClient.$init$(http_secure_client.bal:25)
	at ballerina.http.1_0_0.$value$HttpSecureClient.call(http_secure_client.bal)
	at ballerina.http.1_0_0.http_secure_client.createHttpSecureClient(http_secure_client.bal:272)
	at ballerina.http.1_0_0.$value$HttpCachingClient.init(caching/http_caching_client.bal:46)
	at ballerina.http.1_0_0.$value$HttpCachingClient.call(caching/http_caching_client.bal)
	at ballerina.http.1_0_0.$value$HttpCachingClient.$init$(caching/http_caching_client.bal:29)
	at ballerina.http.1_0_0.$value$HttpCachingClient.call(caching/http_caching_client.bal)
	at ballerina.http.1_0_0.caching.http_caching_client.createHttpCachingClient(caching/http_caching_client.bal:277)
	at ballerina.http.1_0_0.client_endpoint.createDefaultClient(client_endpoint.bal:578)
	at ballerina.http.1_0_0.client_endpoint.createCookieClient(client_endpoint.bal:573)
	at ballerina.http.1_0_0.client_endpoint.checkForRetry(client_endpoint.bal:478)
	at ballerina.http.1_0_0.client_endpoint.initialize(client_endpoint.bal:448)
	at ballerina.http.1_0_0.$value$Client.init(client_endpoint.bal:57)
	at ballerina.http.1_0_0.$value$Client.call(client_endpoint.bal)
	at ballerina.http.1_0_0.$value$Client.$init$(client_endpoint.bal:35)
	at ballerina.http.1_0_0.$value$Client.call(client_endpoint.bal)
	at kapilraaj.OAuthservice.0_1_0.OAuthservice.$kapilraaj_OAuthservice_0_1_0__init_2(OAuthservice:25)
	at kapilraaj.OAuthservice.0_1_0.OAuthservice.$kapilraaj_OAuthservice_0_1_0__init_1(OAuthservice:23)
	at kapilraaj.OAuthservice.0_1_0.OAuthservice.$kapilraaj_OAuthservice_0_1_0__init_0(OAuthservice:5)
	at kapilraaj.OAuthservice.0_1_0.$_init.$kapilraaj_OAuthservice_0_1_0__init_(OAuthservice:65535)
	at kapilraaj.OAuthservice.0_1_0.$_init.$moduleInit(OAuthservice)
	at kapilraaj.OAuthservice.0_1_0.$_init.$lambda$$moduleInit$(OAuthservice)
	at org.ballerinalang.jvm.scheduling.SchedulerItem.execute(Scheduler.java:500)
	at org.ballerinalang.jvm.scheduling.Scheduler.run(Scheduler.java:276)
	at org.ballerinalang.jvm.scheduling.Scheduler.runSafely(Scheduler.java:244)
	at java.lang.Thread.run(Thread.java:748)
 
[2020-10-28 01:37:14,186] SEVERE {b7a.log.crash} - TrustStore File usr/lib/ballerina/distributions/ballerina-slp4/bre/security/ballerinaTruststore.p12 not found 
java.lang.IllegalArgumentException: TrustStore File usr/lib/ballerina/distributions/ballerina-slp4/bre/security/ballerinaTruststore.p12 not found
	at org.wso2.transport.http.netty.contract.config.SslConfiguration.getSSLConfigForSender(SslConfiguration.java:256)
	at org.wso2.transport.http.netty.contract.config.SslConfiguration.getClientSSLConfig(SslConfiguration.java:184)
	at org.wso2.transport.http.netty.contractimpl.DefaultHttpClientConnector.initTargetChannelProperties(DefaultHttpClientConnector.java:362)
	at org.wso2.transport.http.netty.contractimpl.DefaultHttpClientConnector.<init>(DefaultHttpClientConnector.java:88)
	at org.wso2.transport.http.netty.contractimpl.DefaultHttpWsConnectorFactory.createHttpClientConnector(DefaultHttpWsConnectorFactory.java:154)
	at org.ballerinalang.net.http.clientendpoint.CreateSimpleHttpClient.createSimpleHttpClient(CreateSimpleHttpClient.java:108)
	at ballerina.http.1_0_0.client_endpoint.createSimpleHttpClient(client_endpoint.bal:314)
	at ballerina.http.1_0_0.$value$HttpClient.init(http_client.bal:38)
	at ballerina.http.1_0_0.$value$HttpClient.call(http_client.bal)
	at ballerina.http.1_0_0.$value$HttpClient.$init$(http_client.bal:25)
	at ballerina.http.1_0_0.$value$HttpClient.call(http_client.bal)
	at ballerina.http.1_0_0.http_client.createClient(http_client.bal:252)
	at ballerina.http.1_0_0.$value$HttpSecureClient.init(http_secure_client.bal:40)
	at ballerina.http.1_0_0.$value$HttpSecureClient.call(http_secure_client.bal)
	at ballerina.http.1_0_0.$value$HttpSecureClient.$init$(http_secure_client.bal:25)
	at ballerina.http.1_0_0.$value$HttpSecureClient.call(http_secure_client.bal)
	at ballerina.http.1_0_0.http_secure_client.createHttpSecureClient(http_secure_client.bal:272)
	at ballerina.http.1_0_0.$value$HttpCachingClient.init(caching/http_caching_client.bal:46)
	at ballerina.http.1_0_0.$value$HttpCachingClient.call(caching/http_caching_client.bal)
	at ballerina.http.1_0_0.$value$HttpCachingClient.$init$(caching/http_caching_client.bal:29)
	at ballerina.http.1_0_0.$value$HttpCachingClient.call(caching/http_caching_client.bal)
	at ballerina.http.1_0_0.caching.http_caching_client.createHttpCachingClient(caching/http_caching_client.bal:277)
	at ballerina.http.1_0_0.client_endpoint.createDefaultClient(client_endpoint.bal:578)
	at ballerina.http.1_0_0.client_endpoint.createCookieClient(client_endpoint.bal:573)
	at ballerina.http.1_0_0.client_endpoint.checkForRetry(client_endpoint.bal:478)
	at ballerina.http.1_0_0.client_endpoint.initialize(client_endpoint.bal:448)
	at ballerina.http.1_0_0.$value$Client.init(client_endpoint.bal:57)
	at ballerina.http.1_0_0.$value$Client.call(client_endpoint.bal)
	at ballerina.http.1_0_0.$value$Client.$init$(client_endpoint.bal:35)
	at ballerina.http.1_0_0.$value$Client.call(client_endpoint.bal)
	at kapilraaj.OAuthservice.0_1_0.OAuthservice.$kapilraaj_OAuthservice_0_1_0__init_2(OAuthservice:25)
	at kapilraaj.OAuthservice.0_1_0.OAuthservice.$kapilraaj_OAuthservice_0_1_0__init_1(OAuthservice:23)
	at kapilraaj.OAuthservice.0_1_0.OAuthservice.$kapilraaj_OAuthservice_0_1_0__init_0(OAuthservice:5)
	at kapilraaj.OAuthservice.0_1_0.$_init.$kapilraaj_OAuthservice_0_1_0__init_(OAuthservice:65535)
	at kapilraaj.OAuthservice.0_1_0.$_init.$moduleInit(OAuthservice)
	at kapilraaj.OAuthservice.0_1_0.$_init.$lambda$$moduleInit$(OAuthservice)
	at org.ballerinalang.jvm.scheduling.SchedulerItem.execute(Scheduler.java:500)
	at org.ballerinalang.jvm.scheduling.Scheduler.run(Scheduler.java:276)
	at org.ballerinalang.jvm.scheduling.Scheduler.runSafely(Scheduler.java:244)
	at java.lang.Thread.run(Thread.java:748)
 
